# JRE version: OpenJDK Runtime Environment (14.0.1+7) (build 14.0.1+7)
# Java VM: OpenJDK 64-Bit Server VM (14.0.1+7, mixed mode, sharing, tiered, compressed oops, g1 gc, windows-amd64)
Heap:
 garbage-first heap   total 80896K, used 59205K [0x00000000e0000000, 0x0000000100000000)
  region size 1024K, 25 young (25600K), 2 survivors (2048K)
 Metaspace       used 64541K, capacity 66290K, committed 66556K, reserved 1105920K
  class space    used 8808K, capacity 9461K, committed 9548K, reserved 1048576K
GC Heap History (20 events):
Event: 5.283 GC heap before
{Heap before GC invocations=32 (full 0):
 garbage-first heap   total 68608K, used 54761K [0x00000000e0000000, 0x0000000100000000)
  region size 1024K, 20 young (20480K), 2 survivors (2048K)
 Metaspace       used 58514K, capacity 59967K, committed 60284K, reserved 1101824K
  class space    used 8015K, capacity 8567K, committed 8652K, reserved 1048576K
}
Event: 5.285 GC heap after
{Heap after GC invocations=33 (full 0):
 garbage-first heap   total 68608K, used 37276K [0x00000000e0000000, 0x0000000100000000)
  region size 1024K, 2 young (2048K), 2 survivors (2048K)
 Metaspace       used 58514K, capacity 59967K, committed 60284K, reserved 1101824K
  class space    used 8015K, capacity 8567K, committed 8652K, reserved 1048576K
}
Event: 5.409 GC heap before
{Heap before GC invocations=33 (full 0):
 garbage-first heap   total 68608K, used 56732K [0x00000000e0000000, 0x0000000100000000)
  region size 1024K, 21 young (21504K), 2 survivors (2048K)
 Metaspace       used 58929K, capacity 60354K, committed 60540K, reserved 1101824K
  class space    used 8060K, capacity 8607K, committed 8652K, reserved 1048576K
}
Event: 5.411 GC heap after
{Heap after GC invocations=34 (full 0):
 garbage-first heap   total 68608K, used 38070K [0x00000000e0000000, 0x0000000100000000)
  region size 1024K, 2 young (2048K), 2 survivors (2048K)
 Metaspace       used 58929K, capacity 60354K, committed 60540K, reserved 1101824K
  class space    used 8060K, capacity 8607K, committed 8652K, reserved 1048576K
}
Event: 5.544 GC heap before
{Heap before GC invocations=35 (full 0):
 garbage-first heap   total 71680K, used 56502K [0x00000000e0000000, 0x0000000100000000)
  region size 1024K, 20 young (20480K), 2 survivors (2048K)
 Metaspace       used 59279K, capacity 60776K, committed 60924K, reserved 1101824K
  class space    used 8127K, capacity 8685K, committed 8780K, reserved 1048576K
}
Event: 5.546 GC heap after
{Heap after GC invocations=36 (full 0):
 garbage-first heap   total 71680K, used 38856K [0x00000000e0000000, 0x0000000100000000)
  region size 1024K, 2 young (2048K), 2 survivors (2048K)
 Metaspace       used 59279K, capacity 60776K, committed 60924K, reserved 1101824K
  class space    used 8127K, capacity 8685K, committed 8780K, reserved 1048576K
}
Event: 5.670 GC heap before
{Heap before GC invocations=36 (full 0):
 garbage-first heap   total 71680K, used 59336K [0x00000000e0000000, 0x0000000100000000)
  region size 1024K, 22 young (22528K), 2 survivors (2048K)
 Metaspace       used 59875K, capacity 61398K, committed 61564K, reserved 1101824K
  class space    used 8217K, capacity 8807K, committed 8908K, reserved 1048576K
}
Event: 5.673 GC heap after
{Heap after GC invocations=37 (full 0):
 garbage-first heap   total 71680K, used 40319K [0x00000000e0000000, 0x0000000100000000)
  region size 1024K, 3 young (3072K), 3 survivors (3072K)
 Metaspace       used 59875K, capacity 61398K, committed 61564K, reserved 1101824K
  class space    used 8217K, capacity 8807K, committed 8908K, reserved 1048576K
}
Event: 5.812 GC heap before
{Heap before GC invocations=38 (full 0):
 garbage-first heap   total 80896K, used 58751K [0x00000000e0000000, 0x0000000100000000)
  region size 1024K, 21 young (21504K), 3 survivors (3072K)
 Metaspace       used 60408K, capacity 61878K, committed 62076K, reserved 1101824K
  class space    used 8284K, capacity 8858K, committed 8908K, reserved 1048576K
}
Event: 5.815 GC heap after
{Heap after GC invocations=39 (full 0):
 garbage-first heap   total 80896K, used 40319K [0x00000000e0000000, 0x0000000100000000)
  region size 1024K, 2 young (2048K), 2 survivors (2048K)
 Metaspace       used 60408K, capacity 61878K, committed 62076K, reserved 1101824K
  class space    used 8284K, capacity 8858K, committed 8908K, reserved 1048576K
}
Event: 6.554 GC heap before
{Heap before GC invocations=39 (full 0):
 garbage-first heap   total 80896K, used 66943K [0x00000000e0000000, 0x0000000100000000)
  region size 1024K, 28 young (28672K), 2 survivors (2048K)
 Metaspace       used 63614K, capacity 65386K, committed 65660K, reserved 1105920K
  class space    used 8677K, capacity 9336K, committed 9420K, reserved 1048576K
}
Event: 6.558 GC heap after
{Heap after GC invocations=40 (full 0):
 garbage-first heap   total 80896K, used 41181K [0x00000000e0000000, 0x0000000100000000)
  region size 1024K, 3 young (3072K), 3 survivors (3072K)
 Metaspace       used 63614K, capacity 65386K, committed 65660K, reserved 1105920K
  class space    used 8677K, capacity 9336K, committed 9420K, reserved 1048576K
}
Event: 6.729 GC heap before
{Heap before GC invocations=41 (full 0):
 garbage-first heap   total 80896K, used 66781K [0x00000000e0000000, 0x0000000100000000)
  region size 1024K, 28 young (28672K), 3 survivors (3072K)
 Metaspace       used 63956K, capacity 65671K, committed 65916K, reserved 1105920K
  class space    used 8719K, capacity 9385K, committed 9420K, reserved 1048576K
}
Event: 6.732 GC heap after
{Heap after GC invocations=42 (full 0):
 garbage-first heap   total 80896K, used 42343K [0x00000000e0000000, 0x0000000100000000)
  region size 1024K, 3 young (3072K), 3 survivors (3072K)
 Metaspace       used 63956K, capacity 65671K, committed 65916K, reserved 1105920K
  class space    used 8719K, capacity 9385K, committed 9420K, reserved 1048576K
}
Event: 6.748 GC heap before
{Heap before GC invocations=42 (full 0):
 garbage-first heap   total 80896K, used 43367K [0x00000000e0000000, 0x0000000100000000)
  region size 1024K, 4 young (4096K), 3 survivors (3072K)
 Metaspace       used 64073K, capacity 65863K, committed 65916K, reserved 1105920K
  class space    used 8738K, capacity 9385K, committed 9420K, reserved 1048576K
}
Event: 6.752 GC heap after
{Heap after GC invocations=43 (full 0):
 garbage-first heap   total 80896K, used 38584K [0x00000000e0000000, 0x0000000100000000)
  region size 1024K, 1 young (1024K), 1 survivors (1024K)
 Metaspace       used 64073K, capacity 65863K, committed 65916K, reserved 1105920K
  class space    used 8738K, capacity 9385K, committed 9420K, reserved 1048576K
}
Event: 6.774 GC heap before
{Heap before GC invocations=43 (full 0):
 garbage-first heap   total 80896K, used 40632K [0x00000000e0000000, 0x0000000100000000)
  region size 1024K, 3 young (3072K), 1 survivors (1024K)
 Metaspace       used 64277K, capacity 66055K, committed 66300K, reserved 1105920K
  class space    used 8782K, capacity 9449K, committed 9548K, reserved 1048576K
}
Event: 6.779 GC heap after
{Heap after GC invocations=44 (full 0):
 garbage-first heap   total 80896K, used 35365K [0x00000000e0000000, 0x0000000100000000)
  region size 1024K, 1 young (1024K), 1 survivors (1024K)
 Metaspace       used 64277K, capacity 66055K, committed 66300K, reserved 1105920K
  class space    used 8782K, capacity 9449K, committed 9548K, reserved 1048576K
}
Event: 6.947 GC heap before
{Heap before GC invocations=44 (full 0):
 garbage-first heap   total 80896K, used 66085K [0x00000000e0000000, 0x0000000100000000)
  region size 1024K, 31 young (31744K), 1 survivors (1024K)
 Metaspace       used 64493K, capacity 66266K, committed 66556K, reserved 1105920K
  class space    used 8804K, capacity 9453K, committed 9548K, reserved 1048576K
}
Event: 6.949 GC heap after
{Heap after GC invocations=45 (full 0):
 garbage-first heap   total 80896K, used 36677K [0x00000000e0000000, 0x0000000100000000)
  region size 1024K, 2 young (2048K), 2 survivors (2048K)
 Metaspace       used 64493K, capacity 66266K, committed 66556K, reserved 1105920K
  class space    used 8804K, capacity 9453K, committed 9548K, reserved 1048576K
}

